c:\users\ioan\documents\visual studio 2015\projects\poo_lab5\poo_lab5\debug\vc140.pdb
c:\users\ioan\documents\visual studio 2015\projects\poo_lab5\poo_lab5\debug\vc140.idb
c:\users\ioan\documents\visual studio 2015\projects\poo_lab5\poo_lab5\debug\canimal.obj
c:\users\ioan\documents\visual studio 2015\projects\poo_lab5\poo_lab5\debug\canimalcarnivor.obj
c:\users\ioan\documents\visual studio 2015\projects\poo_lab5\poo_lab5\debug\canimalierbivor.obj
c:\users\ioan\documents\visual studio 2015\projects\poo_lab5\poo_lab5\debug\ccaprioara.obj
c:\users\ioan\documents\visual studio 2015\projects\poo_lab5\poo_lab5\debug\ciepure .obj
c:\users\ioan\documents\visual studio 2015\projects\poo_lab5\poo_lab5\debug\cleu.obj
c:\users\ioan\documents\visual studio 2015\projects\poo_lab5\poo_lab5\debug\crezervatie.obj
c:\users\ioan\documents\visual studio 2015\projects\poo_lab5\poo_lab5\debug\curs.obj
c:\users\ioan\documents\visual studio 2015\projects\poo_lab5\poo_lab5\debug\cvulpe .obj
c:\users\ioan\documents\visual studio 2015\projects\poo_lab5\poo_lab5\debug\main.obj
c:\users\ioan\documents\visual studio 2015\projects\poo_lab5\debug\poo_lab5.ilk
c:\users\ioan\documents\visual studio 2015\projects\poo_lab5\debug\poo_lab5.exe
c:\users\ioan\documents\visual studio 2015\projects\poo_lab5\debug\poo_lab5.pdb
c:\users\ioan\documents\visual studio 2015\projects\poo_lab5\poo_lab5\debug\poo_lab5.tlog\cl.command.1.tlog
c:\users\ioan\documents\visual studio 2015\projects\poo_lab5\poo_lab5\debug\poo_lab5.tlog\cl.read.1.tlog
c:\users\ioan\documents\visual studio 2015\projects\poo_lab5\poo_lab5\debug\poo_lab5.tlog\cl.write.1.tlog
c:\users\ioan\documents\visual studio 2015\projects\poo_lab5\poo_lab5\debug\poo_lab5.tlog\link.command.1.tlog
c:\users\ioan\documents\visual studio 2015\projects\poo_lab5\poo_lab5\debug\poo_lab5.tlog\link.read.1.tlog
c:\users\ioan\documents\visual studio 2015\projects\poo_lab5\poo_lab5\debug\poo_lab5.tlog\link.write.1.tlog
