c:\users\ioan\documents\visual studio 2015\projects\poo_lab5\poo_lab5\release\vc140.pdb
c:\users\ioan\documents\visual studio 2015\projects\poo_lab5\poo_lab5\release\main.obj
c:\users\ioan\documents\visual studio 2015\projects\poo_lab5\poo_lab5\release\cvulpe .obj
c:\users\ioan\documents\visual studio 2015\projects\poo_lab5\poo_lab5\release\curs.obj
c:\users\ioan\documents\visual studio 2015\projects\poo_lab5\poo_lab5\release\crezervatie.obj
c:\users\ioan\documents\visual studio 2015\projects\poo_lab5\poo_lab5\release\cleu.obj
c:\users\ioan\documents\visual studio 2015\projects\poo_lab5\poo_lab5\release\ciepure .obj
c:\users\ioan\documents\visual studio 2015\projects\poo_lab5\poo_lab5\release\ccaprioara.obj
c:\users\ioan\documents\visual studio 2015\projects\poo_lab5\poo_lab5\release\canimalierbivor.obj
c:\users\ioan\documents\visual studio 2015\projects\poo_lab5\poo_lab5\release\canimalcarnivor.obj
c:\users\ioan\documents\visual studio 2015\projects\poo_lab5\poo_lab5\release\canimal.obj
c:\users\ioan\documents\visual studio 2015\projects\poo_lab5\release\poo_lab5.exe
c:\users\ioan\documents\visual studio 2015\projects\poo_lab5\release\poo_lab5.ipdb
c:\users\ioan\documents\visual studio 2015\projects\poo_lab5\release\poo_lab5.iobj
c:\users\ioan\documents\visual studio 2015\projects\poo_lab5\release\poo_lab5.pdb
c:\users\ioan\documents\visual studio 2015\projects\poo_lab5\poo_lab5\release\poo_lab5.tlog\cl.command.1.tlog
c:\users\ioan\documents\visual studio 2015\projects\poo_lab5\poo_lab5\release\poo_lab5.tlog\cl.read.1.tlog
c:\users\ioan\documents\visual studio 2015\projects\poo_lab5\poo_lab5\release\poo_lab5.tlog\cl.write.1.tlog
c:\users\ioan\documents\visual studio 2015\projects\poo_lab5\poo_lab5\release\poo_lab5.tlog\link.command.1.tlog
c:\users\ioan\documents\visual studio 2015\projects\poo_lab5\poo_lab5\release\poo_lab5.tlog\link.read.1.tlog
c:\users\ioan\documents\visual studio 2015\projects\poo_lab5\poo_lab5\release\poo_lab5.tlog\link.write.1.tlog
